Turbo Assembler	 Version 3.1	    07/27/11 15:39:32	    Page 1
strop.asm



      1				     print MACRO msg1
      2					     mov ah,09h
      3					     mov dx,offset msg1
      4					     int 21h
      5				     endm
      6				     read MACRO	msg2
      7					     mov ah,0ah
      8					     mov dx,offset msg2
      9					     int 21h
     10				     endm
     11
     12	0000			     data segment
     13	0000  20 20 20 20 20 20	20+	     str1 db "	     Enter the string	   $"
     14	      45 6E 74 65 72 20	74+
     15	      68 65 20 73 74 72	69+
     16	      6E 67 20 20 20 20	20+
     17	      20 24
     18	001E  14			     str2 db 20
     19	001F  00				  db 0
     20	0020  14*(24)				  db 20	DUP('$')
     21	0034  0D 0A 24			     newline db	0dh,0ah,'$'
     22	0037  14*(24)			     str3 db 20	dup('$')
     23
     24	004B			     data ends
     25	0000			     code segment
     26	0000			     start: assume cs:code,ds:data
     27	0000  B8 0000s			     mov ax,data
     28	0003  8E D8			     mov ds,ax
     29					     print str1
1    30	0005  B4 09			     mov ah,09h
1    31	0007  BA 0000r			     mov dx,offset str1
1    32	000A  CD 21			     int 21h
     33					     print newline
1    34	000C  B4 09			     mov ah,09h
1    35	000E  BA 0034r			     mov dx,offset newline
1    36	0011  CD 21			     int 21h
     37					     read str2
1    38	0013  B4 0A			     mov ah,0ah
1    39	0015  BA 001Er			     mov dx,offset str2
1    40	0018  CD 21			     int 21h
     41	001A  BE 001Er			     mov si,offset str2
     42	001D  46			     inc si
     43	001E  B9 0000			     mov cx,0000h
     44	0021  8A 0C			     mov cl,[si]
     45	0023  B7 00			     mov bh,00h
     46	0025  8A 3C			     mov bh,[si]
     47	0027  46			     inc si
     48	0028  BF 0037r			     mov di,offset str3
     49
     50	002B  8A 1C			lp1: mov bl,[si]
     51	002D  80 FB 61			     cmp bl,97
     52	0030  72 0C			     jc	bapu
     53	0032  80 EB 20			     sub bl,32
     54	0035				     kaka:
     55	0035  88 1D			     mov [di],bl
     56	0037  46			     inc si
     57	0038  47			     inc di
Turbo Assembler	 Version 3.1	    07/27/11 15:39:32	    Page 2
strop.asm



     58	0039  E2 F0			     loop lp1
     59	003B  EB 06 90			     jmp kaki
     60	003E  80 C3 20		       bapu: add bl,32
     61	0041  EB F2			     jmp kaka
     62	0043				     kaki:
     63					     print newline
1    64	0043  B4 09			     mov ah,09h
1    65	0045  BA 0034r			     mov dx,offset newline
1    66	0048  CD 21			     int 21h
     67	004A  BF 0037r			     mov di,offset str3
     68					     print str3
1    69	004D  B4 09			     mov ah,09h
1    70	004F  BA 0037r			     mov dx,offset str3
1    71	0052  CD 21			     int 21h
     72	0054  B4 4C			     mov ah,4ch
     73	0056  CD 21			     int 21h
     74
     75	0058			     code ends
     76					     end start
Turbo Assembler	 Version 3.1	    07/27/11 15:39:32	    Page 3
Symbol Table




Symbol Name			  Type	 Value

??DATE				  Text	 "07/27/11"
??FILENAME			  Text	 "strop	  "
??TIME				  Text	 "15:39:32"
??VERSION			  Number 030A
@CPU				  Text	 0101H
@CURSEG				  Text	 CODE
@FILENAME			  Text	 STROP
@WORDSIZE			  Text	 2
BAPU				  Near	 CODE:003E
KAKA				  Near	 CODE:0035
KAKI				  Near	 CODE:0043
LP1				  Near	 CODE:002B
NEWLINE				  Byte	 DATA:0034
START				  Near	 CODE:0000
STR1				  Byte	 DATA:0000
STR2				  Byte	 DATA:001E
STR3				  Byte	 DATA:0037

Macro Name

PRINT
READ

Groups & Segments		  Bit Size Align  Combine Class

CODE				  16  0058 Para	  none
DATA				  16  004B Para	  none
